<?xml version="1.0" encoding="UTF-8"?>
<!-- Generated by org.testng.reporters.JUnitXMLReporter -->
<testsuite ignored="0" hostname="LAPTOP-337URRUI" failures="0" tests="3" name="Default test" time="0.689" errors="0" timestamp="2023-04-16T00:10:33 CDT">
  <testcase classname="dataDriven.excelDataProvider.dataProvide" name="testCaseData" time="0.009"/>
  <testcase classname="dataDriven.excelDataProvider.dataProvide" name="testCaseData" time="0.002"/>
  <testcase classname="dataDriven.excelDataProvider.dataProvide" name="testCaseData" time="0.004"/>
</testsuite> <!-- Default test -->
