<?xml version="1.0" encoding="UTF-8"?>
<testng-results ignored="0" total="3" passed="3" failed="0" skipped="0">
  <reporter-output>
  </reporter-output>
  <suite started-at="2023-04-16T00:10:32 CDT" name="Default suite" finished-at="2023-04-16T00:10:33 CDT" duration-ms="689">
    <groups>
    </groups>
    <test started-at="2023-04-16T00:10:32 CDT" name="Default test" finished-at="2023-04-16T00:10:33 CDT" duration-ms="689">
      <class name="dataDriven.excelDataProvider.dataProvide">
        <test-method signature="testCaseData(java.lang.String,java.lang.String,java.lang.String)[pri:0, instance:dataDriven.excelDataProvider.dataProvide@6bbe85a8]" started-at="2023-04-16T00:10:33 CDT" name="testCaseData" data-provider="driveTest" finished-at="2023-04-16T00:10:33 CDT" duration-ms="9" status="PASS">
          <params>
            <param index="0">
              <value>
                <![CDATA[hello]]>
              </value>
            </param>
            <param index="1">
              <value>
                <![CDATA[text]]>
              </value>
            </param>
            <param index="2">
              <value>
                <![CDATA[1]]>
              </value>
            </param>
          </params>
          <reporter-output>
          </reporter-output>
        </test-method> <!-- testCaseData -->
        <test-method signature="testCaseData(java.lang.String,java.lang.String,java.lang.String)[pri:0, instance:dataDriven.excelDataProvider.dataProvide@6bbe85a8]" started-at="2023-04-16T00:10:33 CDT" name="testCaseData" data-provider="driveTest" finished-at="2023-04-16T00:10:33 CDT" duration-ms="2" status="PASS">
          <params>
            <param index="0">
              <value>
                <![CDATA[bye]]>
              </value>
            </param>
            <param index="1">
              <value>
                <![CDATA[message]]>
              </value>
            </param>
            <param index="2">
              <value>
                <![CDATA[2]]>
              </value>
            </param>
          </params>
          <reporter-output>
          </reporter-output>
        </test-method> <!-- testCaseData -->
        <test-method signature="testCaseData(java.lang.String,java.lang.String,java.lang.String)[pri:0, instance:dataDriven.excelDataProvider.dataProvide@6bbe85a8]" started-at="2023-04-16T00:10:33 CDT" name="testCaseData" data-provider="driveTest" finished-at="2023-04-16T00:10:33 CDT" duration-ms="4" status="PASS">
          <params>
            <param index="0">
              <value>
                <![CDATA[solo]]>
              </value>
            </param>
            <param index="1">
              <value>
                <![CDATA[call me baby]]>
              </value>
            </param>
            <param index="2">
              <value>
                <![CDATA[3]]>
              </value>
            </param>
          </params>
          <reporter-output>
          </reporter-output>
        </test-method> <!-- testCaseData -->
      </class> <!-- dataDriven.excelDataProvider.dataProvide -->
    </test> <!-- Default test -->
  </suite> <!-- Default suite -->
</testng-results>
